<?xml version="1.0" encoding="UTF-8"?>
<!-- Generated by org.testng.reporters.JUnitReportReporter -->
<testsuite hostname="harvey" name="com.example.mapper.EpisodeMapperTest" tests="2" failures="0" timestamp="17 Oct 2016 22:20:42 GMT" time="0.194" errors="0">
  <testcase name="shouldmapTraktEpisodeToEpisode" time="0.001" classname="com.example.mapper.EpisodeMapperTest"/>
  <testcase name="shouldMapTracktEpisodeList" time="0.193" classname="com.example.mapper.EpisodeMapperTest"/>
</testsuite> <!-- com.example.mapper.EpisodeMapperTest -->
